[2015-08-19 15:21:15] myapp.INFO: Matched route "POST_api_phone_add". {"route_parameters":{"_controller":"PhoneDirectory\\Controller\\ApiPhoneController::addUpdateAction","_route":"POST_api_phone_add"},"request_uri":"http://localhost/api/phone/add?p=api%2Fphone%2Fadd"} []
[2015-08-19 15:21:15] myapp.INFO: > POST /api/phone/add [] []
[2015-08-19 15:21:15] myapp.INFO: < 404 [] []
[2015-08-19 15:23:16] myapp.INFO: Matched route "POST_api_phone_add". {"route_parameters":{"_controller":"PhoneDirectory\\Controller\\ApiPhoneController::addUpdateAction","_route":"POST_api_phone_add"},"request_uri":"http://localhost/api/phone/add?p=api%2Fphone%2Fadd"} []
[2015-08-19 15:23:16] myapp.INFO: > POST /api/phone/add [] []
[2015-08-19 15:23:16] myapp.INFO: < 404 [] []
[2015-08-19 15:23:23] myapp.ERROR: Symfony\Component\HttpKernel\Exception\MethodNotAllowedHttpException: No route found for "GET /api/phone/add": Method Not Allowed (Allow: POST) (uncaught exception) at C:\AVIDNYAT\silex\vendor\symfony\http-kernel\EventListener\RouterListener.php line 163 {"exception":"[object] (Symfony\\Component\\HttpKernel\\Exception\\MethodNotAllowedHttpException(code: 0): No route found for \"GET /api/phone/add\": Method Not Allowed (Allow: POST) at C:\\AVIDNYAT\\silex\\vendor\\symfony\\http-kernel\\EventListener\\RouterListener.php:163, Symfony\\Component\\Routing\\Exception\\MethodNotAllowedException(code: 0):  at C:\\AVIDNYAT\\silex\\vendor\\symfony\\routing\\Matcher\\UrlMatcher.php:101)"} []
[2015-08-19 15:23:23] myapp.ERROR: 405==No route found for "GET /api/phone/add": Method Not Allowed (Allow: POST) [] []
[2015-08-19 15:23:23] myapp.INFO: < 405 [] []
[2015-08-19 15:32:40] myapp.INFO: Matched route "GET_api_phone_list". {"route_parameters":{"_controller":"PhoneDirectory\\Controller\\ApiPhoneController::listAction","_route":"GET_api_phone_list"},"request_uri":"http://localhost/api/phone/list?p=api%2Fphone%2Flist"} []
[2015-08-19 15:32:40] myapp.INFO: > GET /api/phone/list [] []
[2015-08-19 15:32:40] myapp.INFO: 200==>Successfull operation [] []
[2015-08-19 15:32:40] myapp.INFO: < 200 [] []
[2015-08-19 15:33:15] myapp.INFO: Matched route "POST_api_phone_add". {"route_parameters":{"_controller":"PhoneDirectory\\Controller\\ApiPhoneController::addUpdateAction","_route":"POST_api_phone_add"},"request_uri":"http://localhost/api/phone/add?p=api%2Fphone%2Fadd"} []
[2015-08-19 15:33:15] myapp.INFO: > POST /api/phone/add [] []
[2015-08-19 15:33:15] myapp.INFO: 404==>Missing required parameter(s): name,phone_number [] []
[2015-08-19 15:33:15] myapp.INFO: < 404 [] []
[2015-08-21 11:51:52] myapp.ERROR: Symfony\Component\HttpKernel\Exception\MethodNotAllowedHttpException: No route found for "GET /api/user/login": Method Not Allowed (Allow: POST) (uncaught exception) at C:\AVIDNYAT\silex\vendor\symfony\http-kernel\EventListener\RouterListener.php line 163 {"exception":"[object] (Symfony\\Component\\HttpKernel\\Exception\\MethodNotAllowedHttpException(code: 0): No route found for \"GET /api/user/login\": Method Not Allowed (Allow: POST) at C:\\AVIDNYAT\\silex\\vendor\\symfony\\http-kernel\\EventListener\\RouterListener.php:163, Symfony\\Component\\Routing\\Exception\\MethodNotAllowedException(code: 0):  at C:\\AVIDNYAT\\silex\\vendor\\symfony\\routing\\Matcher\\UrlMatcher.php:101)"} []
[2015-08-21 11:51:52] myapp.ERROR: 405==No route found for "GET /api/user/login": Method Not Allowed (Allow: POST) [] []
[2015-08-21 11:51:52] myapp.INFO: < 405 [] []
[2015-08-21 11:52:01] myapp.INFO: Matched route "POST_api_user_login". {"route_parameters":{"_controller":"PhoneDirectory\\Controller\\ApiUserController::loginAction","_route":"POST_api_user_login"},"request_uri":"http://localhost/api/user/login?p=api%2Fuser%2Flogin"} []
[2015-08-21 11:52:01] myapp.INFO: > POST /api/user/login [] []
[2015-08-21 11:52:01] myapp.INFO: 500==>JSON format invalid [] []
[2015-08-21 11:52:01] myapp.INFO: < 500 [] []
[2015-08-21 11:52:26] myapp.INFO: Matched route "POST_api_user_login". {"route_parameters":{"_controller":"PhoneDirectory\\Controller\\ApiUserController::loginAction","_route":"POST_api_user_login"},"request_uri":"http://localhost/api/user/login?p=api%2Fuser%2Flogin"} []
[2015-08-21 11:52:26] myapp.INFO: > POST /api/user/login [] []
[2015-08-21 11:52:26] myapp.INFO: 500==>JSON format invalid [] []
[2015-08-21 11:52:26] myapp.INFO: < 500 [] []
[2015-08-21 11:53:02] myapp.INFO: Matched route "POST_api_user_login". {"route_parameters":{"_controller":"PhoneDirectory\\Controller\\ApiUserController::loginAction","_route":"POST_api_user_login"},"request_uri":"http://localhost/api/user/login?p=api%2Fuser%2Flogin"} []
[2015-08-21 11:53:02] myapp.INFO: > POST /api/user/login [] []
[2015-08-21 11:53:02] myapp.INFO: 500==>Identifier "repository.user" is not defined. [] []
[2015-08-21 11:53:02] myapp.INFO: < 500 [] []
[2015-08-21 11:53:59] myapp.INFO: Matched route "POST_api_user_login". {"route_parameters":{"_controller":"PhoneDirectory\\Controller\\ApiUserController::loginAction","_route":"POST_api_user_login"},"request_uri":"http://localhost/api/user/login?p=api%2Fuser%2Flogin"} []
[2015-08-21 11:53:59] myapp.INFO: > POST /api/user/login [] []
[2015-08-21 11:54:01] myapp.INFO: 500==>An exception occurred while executing 'SELECT * FROM users WHERE username = ? and password = ?' with params ["admin", "d033e22ae348aeb5660fc2140aec35850c4da997"]:  SQLSTATE[42S02]: Base table or view not found: 1146 Table 'phone_book.users' doesn't exist [] []
[2015-08-21 11:54:01] myapp.INFO: < 500 [] []
[2015-08-21 11:55:49] myapp.INFO: Matched route "POST_api_user_login". {"route_parameters":{"_controller":"PhoneDirectory\\Controller\\ApiUserController::loginAction","_route":"POST_api_user_login"},"request_uri":"http://localhost/api/user/login?p=api%2Fuser%2Flogin"} []
[2015-08-21 11:55:49] myapp.INFO: > POST /api/user/login [] []
[2015-08-21 11:55:49] myapp.INFO: 200==>Successfull operation [] []
[2015-08-21 11:55:49] myapp.INFO: < 200 [] []
[2015-08-21 11:56:52] myapp.INFO: Matched route "POST_api_user_login". {"route_parameters":{"_controller":"PhoneDirectory\\Controller\\ApiUserController::loginAction","_route":"POST_api_user_login"},"request_uri":"http://localhost/api/user/login?p=api%2Fuser%2Flogin"} []
[2015-08-21 11:56:52] myapp.INFO: > POST /api/user/login [] []
[2015-08-21 11:56:52] myapp.INFO: 200==>Successfull operation [] []
[2015-08-21 11:56:52] myapp.INFO: < 200 [] []
[2015-08-21 11:57:28] myapp.INFO: Matched route "POST_api_user_login". {"route_parameters":{"_controller":"PhoneDirectory\\Controller\\ApiUserController::loginAction","_route":"POST_api_user_login"},"request_uri":"http://localhost/api/user/login?p=api%2Fuser%2Flogin"} []
[2015-08-21 11:57:28] myapp.INFO: > POST /api/user/login [] []
[2015-08-21 11:57:28] myapp.INFO: 404==>Invalid credentails [] []
[2015-08-21 11:57:28] myapp.INFO: < 404 [] []
[2015-08-21 11:57:56] myapp.INFO: Matched route "POST_api_user_login". {"route_parameters":{"_controller":"PhoneDirectory\\Controller\\ApiUserController::loginAction","_route":"POST_api_user_login"},"request_uri":"http://localhost/api/user/login?p=api%2Fuser%2Flogin"} []
[2015-08-21 11:57:56] myapp.INFO: > POST /api/user/login [] []
[2015-08-21 11:57:57] myapp.INFO: 404==>Invalid credentails [] []
[2015-08-21 11:57:57] myapp.INFO: < 404 [] []
[2015-08-21 11:58:47] myapp.INFO: Matched route "POST_api_user_login". {"route_parameters":{"_controller":"PhoneDirectory\\Controller\\ApiUserController::loginAction","_route":"POST_api_user_login"},"request_uri":"http://localhost/api/user/login?p=api%2Fuser%2Flogin"} []
[2015-08-21 11:58:47] myapp.INFO: > POST /api/user/login [] []
[2015-08-21 11:58:48] myapp.INFO: 200==>Successfull operation [] []
[2015-08-21 11:58:48] myapp.INFO: < 200 [] []
[2015-08-21 11:58:54] myapp.INFO: Matched route "POST_api_user_login". {"route_parameters":{"_controller":"PhoneDirectory\\Controller\\ApiUserController::loginAction","_route":"POST_api_user_login"},"request_uri":"http://localhost/api/user/login?p=api%2Fuser%2Flogin"} []
[2015-08-21 11:58:54] myapp.INFO: > POST /api/user/login [] []
[2015-08-21 11:58:54] myapp.INFO: 404==>Invalid credentails [] []
[2015-08-21 11:58:54] myapp.INFO: < 404 [] []
[2015-08-21 12:00:17] myapp.INFO: Matched route "POST_api_user_login". {"route_parameters":{"_controller":"PhoneDirectory\\Controller\\ApiUserController::loginAction","_route":"POST_api_user_login"},"request_uri":"http://localhost/api/user/login?p=api%2Fuser%2Flogin"} []
[2015-08-21 12:00:17] myapp.INFO: > POST /api/user/login [] []
[2015-08-21 12:00:17] myapp.INFO: 200==>Successfull operation [] []
[2015-08-21 12:00:17] myapp.INFO: < 200 [] []
[2015-08-21 12:14:45] myapp.INFO: Matched route "POST_api_user_login". {"route_parameters":{"_controller":"PhoneDirectory\\Controller\\ApiUserController::loginAction","_route":"POST_api_user_login"},"request_uri":"http://localhost/api/user/login?p=api%2Fuser%2Flogin"} []
[2015-08-21 12:15:53] myapp.INFO: Matched route "POST_api_user_login". {"route_parameters":{"_controller":"PhoneDirectory\\Controller\\ApiUserController::loginAction","_route":"POST_api_user_login"},"request_uri":"http://localhost/api/user/login?p=api%2Fuser%2Flogin"} []
[2015-08-21 12:17:14] myapp.INFO: Matched route "POST_api_user_login". {"route_parameters":{"_controller":"PhoneDirectory\\Controller\\ApiUserController::loginAction","_route":"POST_api_user_login"},"request_uri":"http://localhost/api/user/login?p=api%2Fuser%2Flogin"} []
[2015-08-21 12:17:14] myapp.INFO: > POST /api/user/login [] []
[2015-08-21 12:17:14] myapp.INFO: 200==>Successfull operation [] []
[2015-08-21 12:17:14] myapp.INFO: < 200 [] []
[2015-08-21 12:21:13] myapp.INFO: Matched route "POST_api_phone_add". {"route_parameters":{"_controller":"PhoneDirectory\\Controller\\ApiPhoneController::addUpdateAction","_route":"POST_api_phone_add"},"request_uri":"http://localhost/api/phone/add?p=api%2Fphone%2Fadd"} []
[2015-08-21 12:21:13] myapp.INFO: > POST /api/phone/add [] []
[2015-08-21 12:21:13] myapp.INFO: 404==>Missing required parameter(s): name,phone_number [] []
[2015-08-21 12:21:13] myapp.INFO: < 404 [] []
[2015-08-21 12:21:54] myapp.INFO: Matched route "POST_api_phone_add". {"route_parameters":{"_controller":"PhoneDirectory\\Controller\\ApiPhoneController::addUpdateAction","_route":"POST_api_phone_add"},"request_uri":"http://localhost/api/phone/add?p=api%2Fphone%2Fadd"} []
[2015-08-21 12:21:54] myapp.INFO: > POST /api/phone/add [] []
[2015-08-21 12:21:54] myapp.INFO: 404==>Missing required parameter(s): name,phone_number [] []
[2015-08-21 12:21:54] myapp.INFO: < 404 [] []
[2015-08-21 12:25:07] myapp.INFO: Matched route "POST_api_phone_add". {"route_parameters":{"_controller":"PhoneDirectory\\Controller\\ApiPhoneController::addUpdateAction","_route":"POST_api_phone_add"},"request_uri":"http://localhost/api/phone/add?p=api%2Fphone%2Fadd"} []
[2015-08-21 12:25:07] myapp.INFO: > POST /api/phone/add [] []
[2015-08-21 12:25:07] myapp.INFO: 404==>Missing required parameter(s): name,phone_number [] []
[2015-08-21 12:25:07] myapp.INFO: < 404 [] []
[2015-08-21 12:25:24] myapp.INFO: Matched route "POST_api_phone_add". {"route_parameters":{"_controller":"PhoneDirectory\\Controller\\ApiPhoneController::addUpdateAction","_route":"POST_api_phone_add"},"request_uri":"http://localhost/api/phone/add?p=api%2Fphone%2Fadd"} []
[2015-08-21 12:25:24] myapp.INFO: > POST /api/phone/add [] []
[2015-08-21 12:25:24] myapp.INFO: 404==>Missing required parameter(s): name,phone_number [] []
[2015-08-21 12:25:24] myapp.INFO: < 404 [] []
[2015-08-21 12:26:28] myapp.INFO: Matched route "POST_api_phone_add". {"route_parameters":{"_controller":"PhoneDirectory\\Controller\\ApiPhoneController::addUpdateAction","_route":"POST_api_phone_add"},"request_uri":"http://localhost/api/phone/add?p=api%2Fphone%2Fadd"} []
[2015-08-21 12:26:28] myapp.INFO: > POST /api/phone/add [] []
[2015-08-21 12:26:28] myapp.INFO: 404==>Missing required parameter(s): name,phone_number [] []
[2015-08-21 12:26:28] myapp.INFO: < 404 [] []
[2015-08-21 12:27:47] myapp.INFO: Matched route "POST_api_user_login". {"route_parameters":{"_controller":"PhoneDirectory\\Controller\\ApiUserController::loginAction","_route":"POST_api_user_login"},"request_uri":"http://localhost/api/user/login?p=api%2Fuser%2Flogin"} []
[2015-08-21 12:33:42] myapp.INFO: Matched route "POST_api_phone_add". {"route_parameters":{"_controller":"PhoneDirectory\\Controller\\ApiPhoneController::addUpdateAction","_route":"POST_api_phone_add"},"request_uri":"http://localhost/api/phone/add?p=api%2Fphone%2Fadd"} []
[2015-08-21 12:33:42] myapp.INFO: > POST /api/phone/add [] []
[2015-08-21 12:33:42] myapp.INFO: 404==>Missing required parameter(s): name,phone_number [] []
[2015-08-21 12:33:42] myapp.INFO: < 404 [] []
[2015-08-21 12:36:39] myapp.INFO: Matched route "POST_api_phone_add". {"route_parameters":{"_controller":"PhoneDirectory\\Controller\\ApiPhoneController::addUpdateAction","_route":"POST_api_phone_add"},"request_uri":"http://localhost/api/phone/add?p=api%2Fphone%2Fadd"} []
[2015-08-21 12:36:39] myapp.INFO: > POST /api/phone/add [] []
[2015-08-21 12:36:39] myapp.INFO: 404==>Missing required parameter(s): name,phone_number [] []
[2015-08-21 12:36:39] myapp.INFO: < 404 [] []
[2015-08-21 12:37:13] myapp.INFO: Matched route "POST_api_phone_add". {"route_parameters":{"_controller":"PhoneDirectory\\Controller\\ApiPhoneController::addUpdateAction","_route":"POST_api_phone_add"},"request_uri":"http://localhost/api/phone/add?p=api%2Fphone%2Fadd"} []
[2015-08-21 12:37:13] myapp.INFO: 404==>Invalid credentails [] []
[2015-08-21 12:37:13] myapp.INFO: < 404 [] []
[2015-08-21 12:38:01] myapp.INFO: Matched route "POST_api_user_login". {"route_parameters":{"_controller":"PhoneDirectory\\Controller\\ApiUserController::loginAction","_route":"POST_api_user_login"},"request_uri":"http://localhost/api/user/login?p=api%2Fuser%2Flogin"} []
[2015-08-21 12:38:01] myapp.INFO: > POST /api/user/login [] []
[2015-08-21 12:39:08] myapp.INFO: Matched route "POST_api_user_login". {"route_parameters":{"_controller":"PhoneDirectory\\Controller\\ApiUserController::loginAction","_route":"POST_api_user_login"},"request_uri":"http://localhost/api/user/login?p=api%2Fuser%2Flogin"} []
[2015-08-21 12:39:08] myapp.INFO: > POST /api/user/login [] []
[2015-08-21 12:39:09] myapp.INFO: 200==>Successfull operation [] []
[2015-08-21 12:39:09] myapp.INFO: < 200 [] []
[2015-08-21 12:39:25] myapp.INFO: Matched route "POST_api_phone_add". {"route_parameters":{"_controller":"PhoneDirectory\\Controller\\ApiPhoneController::addUpdateAction","_route":"POST_api_phone_add"},"request_uri":"http://localhost/api/phone/add?csrf=55d6ffcd09e5e&p=api%2Fphone%2Fadd"} []
[2015-08-21 12:39:25] myapp.INFO: > POST /api/phone/add?csrf=55d6ffcd09e5e [] []
[2015-08-21 12:39:25] myapp.INFO: 404==>Missing required parameter(s): name,phone_number [] []
[2015-08-21 12:39:25] myapp.INFO: < 404 [] []
[2015-08-21 12:39:36] myapp.INFO: Matched route "POST_api_phone_add". {"route_parameters":{"_controller":"PhoneDirectory\\Controller\\ApiPhoneController::addUpdateAction","_route":"POST_api_phone_add"},"request_uri":"http://localhost/api/phone/add?p=api%2Fphone%2Fadd"} []
[2015-08-21 12:39:36] myapp.INFO: 404==>Invalid credentails [] []
[2015-08-21 12:39:36] myapp.INFO: < 404 [] []
[2015-08-21 12:39:47] myapp.INFO: Matched route "POST_api_phone_add". {"route_parameters":{"_controller":"PhoneDirectory\\Controller\\ApiPhoneController::addUpdateAction","_route":"POST_api_phone_add"},"request_uri":"http://localhost/api/phone/add?csrf=asdfafsdf&p=api%2Fphone%2Fadd"} []
[2015-08-21 12:39:47] myapp.INFO: 404==>Invalid credentails [] []
[2015-08-21 12:39:47] myapp.INFO: < 404 [] []
[2015-08-21 12:40:02] myapp.INFO: Matched route "POST_api_phone_add". {"route_parameters":{"_controller":"PhoneDirectory\\Controller\\ApiPhoneController::addUpdateAction","_route":"POST_api_phone_add"},"request_uri":"http://localhost/api/phone/add?csrf=55d6ffcd09e5e&p=api%2Fphone%2Fadd"} []
[2015-08-21 12:40:02] myapp.INFO: > POST /api/phone/add?csrf=55d6ffcd09e5e [] []
[2015-08-21 12:40:02] myapp.INFO: 404==>Missing required parameter(s): name,phone_number [] []
[2015-08-21 12:40:02] myapp.INFO: < 404 [] []
[2015-08-21 12:43:36] myapp.INFO: Matched route "POST_api_phone_add". {"route_parameters":{"_controller":"PhoneDirectory\\Controller\\ApiPhoneController::addUpdateAction","_route":"POST_api_phone_add"},"request_uri":"http://localhost/api/phone/add?csrf=55d6ffcd09e5e&p=api%2Fphone%2Fadd"} []
[2015-08-21 12:43:36] myapp.INFO: 404==>Invalid credentails [] []
[2015-08-21 12:43:36] myapp.INFO: < 404 [] []
[2015-08-21 12:43:45] myapp.INFO: Matched route "POST_api_user_login". {"route_parameters":{"_controller":"PhoneDirectory\\Controller\\ApiUserController::loginAction","_route":"POST_api_user_login"},"request_uri":"http://localhost/api/user/login?p=api%2Fuser%2Flogin"} []
[2015-08-21 12:43:45] myapp.INFO: > POST /api/user/login [] []
[2015-08-21 12:43:45] myapp.INFO: 200==>Successfull operation [] []
[2015-08-21 12:43:45] myapp.INFO: < 200 [] []
[2015-08-21 12:44:44] myapp.INFO: Matched route "POST_api_user_login". {"route_parameters":{"_controller":"PhoneDirectory\\Controller\\ApiUserController::loginAction","_route":"POST_api_user_login"},"request_uri":"http://localhost/api/user/login?p=api%2Fuser%2Flogin"} []
[2015-08-21 12:44:44] myapp.INFO: > POST /api/user/login [] []
[2015-08-21 12:44:44] myapp.INFO: 500==>JSON format invalid [] []
[2015-08-21 12:44:44] myapp.INFO: < 500 [] []
[2015-08-21 12:44:56] myapp.INFO: Matched route "POST_api_user_login". {"route_parameters":{"_controller":"PhoneDirectory\\Controller\\ApiUserController::loginAction","_route":"POST_api_user_login"},"request_uri":"http://localhost/api/user/login?p=api%2Fuser%2Flogin"} []
[2015-08-21 12:44:56] myapp.INFO: > POST /api/user/login [] []
[2015-08-21 12:44:56] myapp.INFO: 404==>Invalid credentails [] []
[2015-08-21 12:44:57] myapp.INFO: < 404 [] []
[2015-08-21 14:53:35] myapp.ERROR: Symfony\Component\HttpKernel\Exception\NotFoundHttpException: No route found for "OPTIONS /api/api/user/login" (from "http://localhost:9000/?") (uncaught exception) at C:\AVIDNYAT\silex\vendor\symfony\http-kernel\EventListener\RouterListener.php line 159 {"exception":"[object] (Symfony\\Component\\HttpKernel\\Exception\\NotFoundHttpException(code: 0): No route found for \"OPTIONS /api/api/user/login\" (from \"http://localhost:9000/?\") at C:\\AVIDNYAT\\silex\\vendor\\symfony\\http-kernel\\EventListener\\RouterListener.php:159, Symfony\\Component\\Routing\\Exception\\ResourceNotFoundException(code: 0): No routes found for \"/api/api/user/login\". at C:\\AVIDNYAT\\silex\\vendor\\symfony\\routing\\Matcher\\UrlMatcher.php:102)"} []
[2015-08-21 14:53:35] myapp.ERROR: 404==No route found for "OPTIONS /api/api/user/login" (from "http://localhost:9000/?") [] []
[2015-08-21 14:53:35] myapp.INFO: < 404 [] []
[2015-08-21 14:54:52] myapp.ERROR: Symfony\Component\HttpKernel\Exception\MethodNotAllowedHttpException: No route found for "OPTIONS /api/user/login": Method Not Allowed (Allow: POST) (uncaught exception) at C:\AVIDNYAT\silex\vendor\symfony\http-kernel\EventListener\RouterListener.php line 163 {"exception":"[object] (Symfony\\Component\\HttpKernel\\Exception\\MethodNotAllowedHttpException(code: 0): No route found for \"OPTIONS /api/user/login\": Method Not Allowed (Allow: POST) at C:\\AVIDNYAT\\silex\\vendor\\symfony\\http-kernel\\EventListener\\RouterListener.php:163, Symfony\\Component\\Routing\\Exception\\MethodNotAllowedException(code: 0):  at C:\\AVIDNYAT\\silex\\vendor\\symfony\\routing\\Matcher\\UrlMatcher.php:101)"} []
[2015-08-21 14:54:52] myapp.ERROR: 405==No route found for "OPTIONS /api/user/login": Method Not Allowed (Allow: POST) [] []
[2015-08-21 14:54:52] myapp.INFO: < 405 [] []
[2015-08-21 14:58:45] myapp.ERROR: Symfony\Component\HttpKernel\Exception\MethodNotAllowedHttpException: No route found for "OPTIONS /api/user/login": Method Not Allowed (Allow: POST) (uncaught exception) at C:\AVIDNYAT\silex\vendor\symfony\http-kernel\EventListener\RouterListener.php line 163 {"exception":"[object] (Symfony\\Component\\HttpKernel\\Exception\\MethodNotAllowedHttpException(code: 0): No route found for \"OPTIONS /api/user/login\": Method Not Allowed (Allow: POST) at C:\\AVIDNYAT\\silex\\vendor\\symfony\\http-kernel\\EventListener\\RouterListener.php:163, Symfony\\Component\\Routing\\Exception\\MethodNotAllowedException(code: 0):  at C:\\AVIDNYAT\\silex\\vendor\\symfony\\routing\\Matcher\\UrlMatcher.php:101)"} []
[2015-08-21 14:58:45] myapp.ERROR: 405==No route found for "OPTIONS /api/user/login": Method Not Allowed (Allow: POST) [] []
[2015-08-21 14:58:45] myapp.INFO: < 405 [] []
[2015-08-21 15:00:18] myapp.ERROR: Symfony\Component\HttpKernel\Exception\MethodNotAllowedHttpException: No route found for "OPTIONS /api/user/login": Method Not Allowed (Allow: POST) (uncaught exception) at C:\AVIDNYAT\silex\vendor\symfony\http-kernel\EventListener\RouterListener.php line 163 {"exception":"[object] (Symfony\\Component\\HttpKernel\\Exception\\MethodNotAllowedHttpException(code: 0): No route found for \"OPTIONS /api/user/login\": Method Not Allowed (Allow: POST) at C:\\AVIDNYAT\\silex\\vendor\\symfony\\http-kernel\\EventListener\\RouterListener.php:163, Symfony\\Component\\Routing\\Exception\\MethodNotAllowedException(code: 0):  at C:\\AVIDNYAT\\silex\\vendor\\symfony\\routing\\Matcher\\UrlMatcher.php:101)"} []
[2015-08-21 15:00:18] myapp.ERROR: 405==No route found for "OPTIONS /api/user/login": Method Not Allowed (Allow: POST) [] []
[2015-08-21 15:00:18] myapp.INFO: < 405 [] []
[2015-08-21 15:01:23] myapp.ERROR: Symfony\Component\HttpKernel\Exception\MethodNotAllowedHttpException: No route found for "OPTIONS /api/user/login": Method Not Allowed (Allow: POST) (uncaught exception) at C:\AVIDNYAT\silex\vendor\symfony\http-kernel\EventListener\RouterListener.php line 163 {"exception":"[object] (Symfony\\Component\\HttpKernel\\Exception\\MethodNotAllowedHttpException(code: 0): No route found for \"OPTIONS /api/user/login\": Method Not Allowed (Allow: POST) at C:\\AVIDNYAT\\silex\\vendor\\symfony\\http-kernel\\EventListener\\RouterListener.php:163, Symfony\\Component\\Routing\\Exception\\MethodNotAllowedException(code: 0):  at C:\\AVIDNYAT\\silex\\vendor\\symfony\\routing\\Matcher\\UrlMatcher.php:101)"} []
[2015-08-21 15:01:23] myapp.ERROR: 405==No route found for "OPTIONS /api/user/login": Method Not Allowed (Allow: POST) [] []
[2015-08-21 15:01:23] myapp.INFO: < 405 [] []
[2015-08-21 15:02:13] myapp.ERROR: Symfony\Component\HttpKernel\Exception\MethodNotAllowedHttpException: No route found for "OPTIONS /api/user/login": Method Not Allowed (Allow: POST) (uncaught exception) at C:\AVIDNYAT\silex\vendor\symfony\http-kernel\EventListener\RouterListener.php line 163 {"exception":"[object] (Symfony\\Component\\HttpKernel\\Exception\\MethodNotAllowedHttpException(code: 0): No route found for \"OPTIONS /api/user/login\": Method Not Allowed (Allow: POST) at C:\\AVIDNYAT\\silex\\vendor\\symfony\\http-kernel\\EventListener\\RouterListener.php:163, Symfony\\Component\\Routing\\Exception\\MethodNotAllowedException(code: 0):  at C:\\AVIDNYAT\\silex\\vendor\\symfony\\routing\\Matcher\\UrlMatcher.php:101)"} []
[2015-08-21 15:02:13] myapp.ERROR: 405==No route found for "OPTIONS /api/user/login": Method Not Allowed (Allow: POST) [] []
[2015-08-21 15:02:13] myapp.INFO: < 405 [] []
[2015-08-21 15:04:52] myapp.ERROR: Symfony\Component\HttpKernel\Exception\MethodNotAllowedHttpException: No route found for "OPTIONS /api/user/login": Method Not Allowed (Allow: POST) (uncaught exception) at C:\AVIDNYAT\silex\vendor\symfony\http-kernel\EventListener\RouterListener.php line 163 {"exception":"[object] (Symfony\\Component\\HttpKernel\\Exception\\MethodNotAllowedHttpException(code: 0): No route found for \"OPTIONS /api/user/login\": Method Not Allowed (Allow: POST) at C:\\AVIDNYAT\\silex\\vendor\\symfony\\http-kernel\\EventListener\\RouterListener.php:163, Symfony\\Component\\Routing\\Exception\\MethodNotAllowedException(code: 0):  at C:\\AVIDNYAT\\silex\\vendor\\symfony\\routing\\Matcher\\UrlMatcher.php:101)"} []
[2015-08-21 15:04:52] myapp.ERROR: 405==No route found for "OPTIONS /api/user/login": Method Not Allowed (Allow: POST) [] []
[2015-08-21 15:04:52] myapp.INFO: < 405 [] []
[2015-08-21 15:09:30] myapp.ERROR: Symfony\Component\HttpKernel\Exception\MethodNotAllowedHttpException: No route found for "OPTIONS /api/user/login": Method Not Allowed (Allow: POST) (uncaught exception) at C:\AVIDNYAT\silex\vendor\symfony\http-kernel\EventListener\RouterListener.php line 163 {"exception":"[object] (Symfony\\Component\\HttpKernel\\Exception\\MethodNotAllowedHttpException(code: 0): No route found for \"OPTIONS /api/user/login\": Method Not Allowed (Allow: POST) at C:\\AVIDNYAT\\silex\\vendor\\symfony\\http-kernel\\EventListener\\RouterListener.php:163, Symfony\\Component\\Routing\\Exception\\MethodNotAllowedException(code: 0):  at C:\\AVIDNYAT\\silex\\vendor\\symfony\\routing\\Matcher\\UrlMatcher.php:101)"} []
[2015-08-21 15:09:30] myapp.ERROR: 405==No route found for "OPTIONS /api/user/login": Method Not Allowed (Allow: POST) [] []
[2015-08-21 15:09:30] myapp.INFO: < 405 [] []
[2015-08-21 15:10:12] myapp.ERROR: Symfony\Component\HttpKernel\Exception\MethodNotAllowedHttpException: No route found for "OPTIONS /api/user/login": Method Not Allowed (Allow: POST) (uncaught exception) at C:\AVIDNYAT\silex\vendor\symfony\http-kernel\EventListener\RouterListener.php line 163 {"exception":"[object] (Symfony\\Component\\HttpKernel\\Exception\\MethodNotAllowedHttpException(code: 0): No route found for \"OPTIONS /api/user/login\": Method Not Allowed (Allow: POST) at C:\\AVIDNYAT\\silex\\vendor\\symfony\\http-kernel\\EventListener\\RouterListener.php:163, Symfony\\Component\\Routing\\Exception\\MethodNotAllowedException(code: 0):  at C:\\AVIDNYAT\\silex\\vendor\\symfony\\routing\\Matcher\\UrlMatcher.php:101)"} []
[2015-08-21 15:10:12] myapp.ERROR: 405==No route found for "OPTIONS /api/user/login": Method Not Allowed (Allow: POST) [] []
[2015-08-21 15:10:12] myapp.INFO: < 405 [] []
[2015-08-21 15:11:44] myapp.ERROR: Symfony\Component\HttpKernel\Exception\MethodNotAllowedHttpException: No route found for "OPTIONS /api/user/login": Method Not Allowed (Allow: POST) (uncaught exception) at C:\AVIDNYAT\silex\vendor\symfony\http-kernel\EventListener\RouterListener.php line 163 {"exception":"[object] (Symfony\\Component\\HttpKernel\\Exception\\MethodNotAllowedHttpException(code: 0): No route found for \"OPTIONS /api/user/login\": Method Not Allowed (Allow: POST) at C:\\AVIDNYAT\\silex\\vendor\\symfony\\http-kernel\\EventListener\\RouterListener.php:163, Symfony\\Component\\Routing\\Exception\\MethodNotAllowedException(code: 0):  at C:\\AVIDNYAT\\silex\\vendor\\symfony\\routing\\Matcher\\UrlMatcher.php:101)"} []
[2015-08-21 15:11:44] myapp.ERROR: 405==No route found for "OPTIONS /api/user/login": Method Not Allowed (Allow: POST) [] []
[2015-08-21 15:11:44] myapp.INFO: < 405 [] []
[2015-08-21 15:12:49] myapp.ERROR: Symfony\Component\HttpKernel\Exception\MethodNotAllowedHttpException: No route found for "OPTIONS /api/user/login": Method Not Allowed (Allow: POST) (uncaught exception) at C:\AVIDNYAT\silex\vendor\symfony\http-kernel\EventListener\RouterListener.php line 163 {"exception":"[object] (Symfony\\Component\\HttpKernel\\Exception\\MethodNotAllowedHttpException(code: 0): No route found for \"OPTIONS /api/user/login\": Method Not Allowed (Allow: POST) at C:\\AVIDNYAT\\silex\\vendor\\symfony\\http-kernel\\EventListener\\RouterListener.php:163, Symfony\\Component\\Routing\\Exception\\MethodNotAllowedException(code: 0):  at C:\\AVIDNYAT\\silex\\vendor\\symfony\\routing\\Matcher\\UrlMatcher.php:101)"} []
[2015-08-21 15:12:49] myapp.ERROR: 405==No route found for "OPTIONS /api/user/login": Method Not Allowed (Allow: POST) [] []
[2015-08-21 15:12:49] myapp.INFO: < 405 [] []
[2015-08-21 15:19:10] myapp.ERROR: Symfony\Component\HttpKernel\Exception\MethodNotAllowedHttpException: No route found for "OPTIONS /api/user/login": Method Not Allowed (Allow: POST) (uncaught exception) at C:\AVIDNYAT\silex\vendor\symfony\http-kernel\EventListener\RouterListener.php line 163 {"exception":"[object] (Symfony\\Component\\HttpKernel\\Exception\\MethodNotAllowedHttpException(code: 0): No route found for \"OPTIONS /api/user/login\": Method Not Allowed (Allow: POST) at C:\\AVIDNYAT\\silex\\vendor\\symfony\\http-kernel\\EventListener\\RouterListener.php:163, Symfony\\Component\\Routing\\Exception\\MethodNotAllowedException(code: 0):  at C:\\AVIDNYAT\\silex\\vendor\\symfony\\routing\\Matcher\\UrlMatcher.php:101)"} []
[2015-08-21 15:19:10] myapp.ERROR: 405==No route found for "OPTIONS /api/user/login": Method Not Allowed (Allow: POST) [] []
[2015-08-21 15:19:10] myapp.INFO: < 405 [] []
[2015-08-21 15:19:56] myapp.ERROR: Symfony\Component\HttpKernel\Exception\MethodNotAllowedHttpException: No route found for "OPTIONS /api/user/login": Method Not Allowed (Allow: POST) (uncaught exception) at C:\AVIDNYAT\silex\vendor\symfony\http-kernel\EventListener\RouterListener.php line 163 {"exception":"[object] (Symfony\\Component\\HttpKernel\\Exception\\MethodNotAllowedHttpException(code: 0): No route found for \"OPTIONS /api/user/login\": Method Not Allowed (Allow: POST) at C:\\AVIDNYAT\\silex\\vendor\\symfony\\http-kernel\\EventListener\\RouterListener.php:163, Symfony\\Component\\Routing\\Exception\\MethodNotAllowedException(code: 0):  at C:\\AVIDNYAT\\silex\\vendor\\symfony\\routing\\Matcher\\UrlMatcher.php:101)"} []
[2015-08-21 15:19:56] myapp.ERROR: 405==No route found for "OPTIONS /api/user/login": Method Not Allowed (Allow: POST) [] []
[2015-08-21 15:19:56] myapp.INFO: < 405 [] []
[2015-08-21 15:21:39] myapp.ERROR: Symfony\Component\HttpKernel\Exception\MethodNotAllowedHttpException: No route found for "OPTIONS /api/user/login": Method Not Allowed (Allow: POST) (uncaught exception) at C:\AVIDNYAT\silex\vendor\symfony\http-kernel\EventListener\RouterListener.php line 163 {"exception":"[object] (Symfony\\Component\\HttpKernel\\Exception\\MethodNotAllowedHttpException(code: 0): No route found for \"OPTIONS /api/user/login\": Method Not Allowed (Allow: POST) at C:\\AVIDNYAT\\silex\\vendor\\symfony\\http-kernel\\EventListener\\RouterListener.php:163, Symfony\\Component\\Routing\\Exception\\MethodNotAllowedException(code: 0):  at C:\\AVIDNYAT\\silex\\vendor\\symfony\\routing\\Matcher\\UrlMatcher.php:101)"} []
[2015-08-21 15:21:39] myapp.ERROR: 405==No route found for "OPTIONS /api/user/login": Method Not Allowed (Allow: POST) [] []
[2015-08-21 15:21:39] myapp.INFO: < 405 [] []
[2015-08-21 15:24:55] myapp.ERROR: Symfony\Component\HttpKernel\Exception\MethodNotAllowedHttpException: No route found for "OPTIONS /api/user/login": Method Not Allowed (Allow: POST) (uncaught exception) at C:\AVIDNYAT\silex\vendor\symfony\http-kernel\EventListener\RouterListener.php line 163 {"exception":"[object] (Symfony\\Component\\HttpKernel\\Exception\\MethodNotAllowedHttpException(code: 0): No route found for \"OPTIONS /api/user/login\": Method Not Allowed (Allow: POST) at C:\\AVIDNYAT\\silex\\vendor\\symfony\\http-kernel\\EventListener\\RouterListener.php:163, Symfony\\Component\\Routing\\Exception\\MethodNotAllowedException(code: 0):  at C:\\AVIDNYAT\\silex\\vendor\\symfony\\routing\\Matcher\\UrlMatcher.php:101)"} []
[2015-08-21 15:24:55] myapp.ERROR: 405==No route found for "OPTIONS /api/user/login": Method Not Allowed (Allow: POST) [] []
[2015-08-21 15:24:55] myapp.INFO: < 405 [] []
[2015-08-21 15:25:57] myapp.ERROR: Symfony\Component\HttpKernel\Exception\MethodNotAllowedHttpException: No route found for "OPTIONS /api/user/login": Method Not Allowed (Allow: POST) (uncaught exception) at C:\AVIDNYAT\silex\vendor\symfony\http-kernel\EventListener\RouterListener.php line 163 {"exception":"[object] (Symfony\\Component\\HttpKernel\\Exception\\MethodNotAllowedHttpException(code: 0): No route found for \"OPTIONS /api/user/login\": Method Not Allowed (Allow: POST) at C:\\AVIDNYAT\\silex\\vendor\\symfony\\http-kernel\\EventListener\\RouterListener.php:163, Symfony\\Component\\Routing\\Exception\\MethodNotAllowedException(code: 0):  at C:\\AVIDNYAT\\silex\\vendor\\symfony\\routing\\Matcher\\UrlMatcher.php:101)"} []
[2015-08-21 15:25:57] myapp.ERROR: 405==No route found for "OPTIONS /api/user/login": Method Not Allowed (Allow: POST) [] []
[2015-08-21 15:25:57] myapp.INFO: < 405 [] []
[2015-08-21 15:29:25] myapp.ERROR: Symfony\Component\HttpKernel\Exception\MethodNotAllowedHttpException: No route found for "OPTIONS /api/user/login": Method Not Allowed (Allow: POST) (uncaught exception) at C:\AVIDNYAT\silex\vendor\symfony\http-kernel\EventListener\RouterListener.php line 163 {"exception":"[object] (Symfony\\Component\\HttpKernel\\Exception\\MethodNotAllowedHttpException(code: 0): No route found for \"OPTIONS /api/user/login\": Method Not Allowed (Allow: POST) at C:\\AVIDNYAT\\silex\\vendor\\symfony\\http-kernel\\EventListener\\RouterListener.php:163, Symfony\\Component\\Routing\\Exception\\MethodNotAllowedException(code: 0):  at C:\\AVIDNYAT\\silex\\vendor\\symfony\\routing\\Matcher\\UrlMatcher.php:101)"} []
[2015-08-21 15:29:25] myapp.ERROR: 405==No route found for "OPTIONS /api/user/login": Method Not Allowed (Allow: POST) [] []
[2015-08-21 15:29:25] myapp.INFO: < 405 [] []
[2015-08-21 15:33:11] myapp.ERROR: Symfony\Component\HttpKernel\Exception\MethodNotAllowedHttpException: No route found for "OPTIONS /api/user/login": Method Not Allowed (Allow: POST) (uncaught exception) at C:\AVIDNYAT\silex\vendor\symfony\http-kernel\EventListener\RouterListener.php line 163 {"exception":"[object] (Symfony\\Component\\HttpKernel\\Exception\\MethodNotAllowedHttpException(code: 0): No route found for \"OPTIONS /api/user/login\": Method Not Allowed (Allow: POST) at C:\\AVIDNYAT\\silex\\vendor\\symfony\\http-kernel\\EventListener\\RouterListener.php:163, Symfony\\Component\\Routing\\Exception\\MethodNotAllowedException(code: 0):  at C:\\AVIDNYAT\\silex\\vendor\\symfony\\routing\\Matcher\\UrlMatcher.php:101)"} []
[2015-08-21 15:33:11] myapp.ERROR: 405==No route found for "OPTIONS /api/user/login": Method Not Allowed (Allow: POST) [] []
[2015-08-21 15:33:11] myapp.INFO: < 405 [] []
[2015-08-21 15:33:42] myapp.ERROR: Symfony\Component\HttpKernel\Exception\MethodNotAllowedHttpException: No route found for "OPTIONS /api/user/login": Method Not Allowed (Allow: POST) (uncaught exception) at C:\AVIDNYAT\silex\vendor\symfony\http-kernel\EventListener\RouterListener.php line 163 {"exception":"[object] (Symfony\\Component\\HttpKernel\\Exception\\MethodNotAllowedHttpException(code: 0): No route found for \"OPTIONS /api/user/login\": Method Not Allowed (Allow: POST) at C:\\AVIDNYAT\\silex\\vendor\\symfony\\http-kernel\\EventListener\\RouterListener.php:163, Symfony\\Component\\Routing\\Exception\\MethodNotAllowedException(code: 0):  at C:\\AVIDNYAT\\silex\\vendor\\symfony\\routing\\Matcher\\UrlMatcher.php:101)"} []
[2015-08-21 15:33:42] myapp.ERROR: 405==No route found for "OPTIONS /api/user/login": Method Not Allowed (Allow: POST) [] []
[2015-08-21 15:33:42] myapp.INFO: < 405 [] []
[2015-08-21 15:34:02] myapp.ERROR: Symfony\Component\HttpKernel\Exception\MethodNotAllowedHttpException: No route found for "OPTIONS /api/user/login": Method Not Allowed (Allow: POST) (uncaught exception) at C:\AVIDNYAT\silex\vendor\symfony\http-kernel\EventListener\RouterListener.php line 163 {"exception":"[object] (Symfony\\Component\\HttpKernel\\Exception\\MethodNotAllowedHttpException(code: 0): No route found for \"OPTIONS /api/user/login\": Method Not Allowed (Allow: POST) at C:\\AVIDNYAT\\silex\\vendor\\symfony\\http-kernel\\EventListener\\RouterListener.php:163, Symfony\\Component\\Routing\\Exception\\MethodNotAllowedException(code: 0):  at C:\\AVIDNYAT\\silex\\vendor\\symfony\\routing\\Matcher\\UrlMatcher.php:101)"} []
[2015-08-21 15:34:02] myapp.ERROR: 405==No route found for "OPTIONS /api/user/login": Method Not Allowed (Allow: POST) [] []
[2015-08-21 15:34:02] myapp.INFO: < 405 [] []
[2015-08-21 15:34:48] myapp.INFO: Matched route "OPTIONS_api_user_login". {"route_parameters":{"_controller":"PhoneDirectory\\Controller\\ApiUserController::optionAction","_route":"OPTIONS_api_user_login"},"request_uri":"http://localhost/api/user/login?p=api%2Fuser%2Flogin"} []
[2015-08-21 15:34:48] myapp.INFO: > OPTIONS /api/user/login [] []
[2015-08-21 15:34:48] myapp.INFO: 200==>JSON format invalid [] []
[2015-08-21 15:34:48] myapp.INFO: < 200 [] []
[2015-08-21 15:39:30] myapp.INFO: Matched route "OPTIONS_api_user_login". {"route_parameters":{"_controller":"PhoneDirectory\\Controller\\ApiUserController::optionAction","_route":"OPTIONS_api_user_login"},"request_uri":"http://localhost/api/user/login?p=api%2Fuser%2Flogin"} []
[2015-08-21 15:39:30] myapp.INFO: > OPTIONS /api/user/login [] []
[2015-08-21 15:39:30] myapp.INFO: 200==>JSON format invalid [] []
[2015-08-21 15:39:30] myapp.INFO: < 200 [] []
[2015-08-21 15:44:02] myapp.INFO: Matched route "OPTIONS_api_user_login". {"route_parameters":{"_controller":"PhoneDirectory\\Controller\\ApiUserController::optionAction","_route":"OPTIONS_api_user_login"},"request_uri":"http://localhost/api/user/login?p=api%2Fuser%2Flogin"} []
[2015-08-21 15:44:02] myapp.INFO: > OPTIONS /api/user/login [] []
[2015-08-21 15:44:02] myapp.INFO: 200==>JSON format invalid [] []
[2015-08-21 15:44:02] myapp.INFO: < 200 [] []
[2015-08-21 15:46:42] myapp.INFO: Matched route "OPTIONS_api_user_login". {"route_parameters":{"_controller":"PhoneDirectory\\Controller\\ApiUserController::optionAction","_route":"OPTIONS_api_user_login"},"request_uri":"http://localhost/api/user/login?p=api%2Fuser%2Flogin"} []
[2015-08-21 15:46:42] myapp.INFO: > OPTIONS /api/user/login [] []
[2015-08-21 15:46:42] myapp.INFO: 200==>JSON format invalid [] []
[2015-08-21 15:46:42] myapp.INFO: < 200 [] []
[2015-08-21 15:47:28] myapp.INFO: Matched route "OPTIONS_api_user_login". {"route_parameters":{"_controller":"PhoneDirectory\\Controller\\ApiUserController::optionAction","_route":"OPTIONS_api_user_login"},"request_uri":"http://localhost/api/user/login?p=api%2Fuser%2Flogin"} []
[2015-08-21 15:47:28] myapp.INFO: > OPTIONS /api/user/login [] []
[2015-08-21 15:47:28] myapp.INFO: 200==>JSON format invalid [] []
[2015-08-21 15:47:28] myapp.INFO: < 200 [] []
[2015-08-21 15:48:16] myapp.INFO: Matched route "OPTIONS_api_user_login". {"route_parameters":{"_controller":"PhoneDirectory\\Controller\\ApiUserController::optionAction","_route":"OPTIONS_api_user_login"},"request_uri":"http://localhost/api/user/login?p=api%2Fuser%2Flogin"} []
[2015-08-21 15:48:16] myapp.INFO: > OPTIONS /api/user/login [] []
[2015-08-21 15:48:16] myapp.INFO: 200==>JSON format invalid [] []
[2015-08-21 15:48:16] myapp.INFO: < 200 [] []
[2015-08-21 15:48:35] myapp.INFO: Matched route "OPTIONS_api_user_login". {"route_parameters":{"_controller":"PhoneDirectory\\Controller\\ApiUserController::optionAction","_route":"OPTIONS_api_user_login"},"request_uri":"http://localhost/api/user/login?p=api%2Fuser%2Flogin"} []
[2015-08-21 15:48:35] myapp.INFO: > OPTIONS /api/user/login [] []
[2015-08-21 15:48:35] myapp.INFO: 200==>JSON format invalid [] []
[2015-08-21 15:48:35] myapp.INFO: < 200 [] []
[2015-08-21 15:49:17] myapp.INFO: Matched route "OPTIONS_api_user_login". {"route_parameters":{"_controller":"PhoneDirectory\\Controller\\ApiUserController::optionAction","_route":"OPTIONS_api_user_login"},"request_uri":"http://localhost/api/user/login?p=api%2Fuser%2Flogin"} []
[2015-08-21 15:49:17] myapp.INFO: > OPTIONS /api/user/login [] []
[2015-08-21 15:49:17] myapp.INFO: 200==>JSON format invalid [] []
[2015-08-21 15:49:17] myapp.INFO: < 200 [] []
[2015-08-21 15:51:37] myapp.INFO: Matched route "OPTIONS_api_user_login". {"route_parameters":{"_controller":"PhoneDirectory\\Controller\\ApiUserController::optionAction","_route":"OPTIONS_api_user_login"},"request_uri":"http://localhost/api/user/login?p=api%2Fuser%2Flogin"} []
[2015-08-21 15:51:37] myapp.INFO: > OPTIONS /api/user/login [] []
[2015-08-21 15:51:37] myapp.INFO: 200==>JSON format invalid [] []
[2015-08-21 15:51:37] myapp.INFO: < 200 [] []
[2015-08-21 15:53:14] myapp.INFO: Matched route "OPTIONS_api_user_login". {"route_parameters":{"_controller":"PhoneDirectory\\Controller\\ApiUserController::optionAction","_route":"OPTIONS_api_user_login"},"request_uri":"http://localhost/api/user/login?p=api%2Fuser%2Flogin"} []
[2015-08-21 15:53:14] myapp.INFO: > OPTIONS /api/user/login [] []
[2015-08-21 15:53:14] myapp.INFO: 200==>JSON format invalid [] []
[2015-08-21 15:53:14] myapp.INFO: < 200 [] []
[2015-08-21 15:56:26] myapp.ERROR: Symfony\Component\HttpKernel\Exception\NotFoundHttpException: No route found for "OPTIONS /api/user" (from "http://localhost:9000/?") (uncaught exception) at C:\AVIDNYAT\silex\vendor\symfony\http-kernel\EventListener\RouterListener.php line 159 {"exception":"[object] (Symfony\\Component\\HttpKernel\\Exception\\NotFoundHttpException(code: 0): No route found for \"OPTIONS /api/user\" (from \"http://localhost:9000/?\") at C:\\AVIDNYAT\\silex\\vendor\\symfony\\http-kernel\\EventListener\\RouterListener.php:159, Symfony\\Component\\Routing\\Exception\\ResourceNotFoundException(code: 0): No routes found for \"/api/user\". at C:\\AVIDNYAT\\silex\\vendor\\symfony\\routing\\Matcher\\UrlMatcher.php:102)"} []
[2015-08-21 15:56:26] myapp.ERROR: 404==No route found for "OPTIONS /api/user" (from "http://localhost:9000/?") [] []
[2015-08-21 15:56:26] myapp.INFO: < 404 [] []
[2015-08-21 15:59:06] myapp.ERROR: Symfony\Component\HttpKernel\Exception\NotFoundHttpException: No route found for "OPTIONS /api/user" (from "http://localhost:9000/?") (uncaught exception) at C:\AVIDNYAT\silex\vendor\symfony\http-kernel\EventListener\RouterListener.php line 159 {"exception":"[object] (Symfony\\Component\\HttpKernel\\Exception\\NotFoundHttpException(code: 0): No route found for \"OPTIONS /api/user\" (from \"http://localhost:9000/?\") at C:\\AVIDNYAT\\silex\\vendor\\symfony\\http-kernel\\EventListener\\RouterListener.php:159, Symfony\\Component\\Routing\\Exception\\ResourceNotFoundException(code: 0): No routes found for \"/api/user\". at C:\\AVIDNYAT\\silex\\vendor\\symfony\\routing\\Matcher\\UrlMatcher.php:102)"} []
[2015-08-21 15:59:06] myapp.ERROR: 404==No route found for "OPTIONS /api/user" (from "http://localhost:9000/?") [] []
[2015-08-21 15:59:06] myapp.INFO: < 404 [] []
[2015-08-21 15:59:42] myapp.INFO: Matched route "POST_api_user_login". {"route_parameters":{"_controller":"PhoneDirectory\\Controller\\ApiUserController::loginAction","_route":"POST_api_user_login"},"request_uri":"http://localhost/api/user/login?p=api%2Fuser%2Flogin"} []
[2015-08-21 15:59:43] myapp.INFO: > POST /api/user/login [] []
[2015-08-21 15:59:43] myapp.INFO: 404==>Invalid credentails [] []
[2015-08-21 15:59:43] myapp.INFO: < 404 [] []
[2015-08-21 16:00:55] myapp.INFO: Matched route "POST_api_user_login". {"route_parameters":{"_controller":"PhoneDirectory\\Controller\\ApiUserController::loginAction","_route":"POST_api_user_login"},"request_uri":"http://localhost/api/user/login?p=api%2Fuser%2Flogin"} []
[2015-08-21 16:00:55] myapp.INFO: > POST /api/user/login [] []
[2015-08-21 16:00:55] myapp.INFO: 404==>Invalid credentails [] []
[2015-08-21 16:00:55] myapp.INFO: < 404 [] []
[2015-08-21 16:01:47] myapp.ERROR: Symfony\Component\HttpKernel\Exception\MethodNotAllowedHttpException: No route found for "OPTIONS /api/user/login": Method Not Allowed (Allow: POST) (uncaught exception) at C:\AVIDNYAT\silex\vendor\symfony\http-kernel\EventListener\RouterListener.php line 163 {"exception":"[object] (Symfony\\Component\\HttpKernel\\Exception\\MethodNotAllowedHttpException(code: 0): No route found for \"OPTIONS /api/user/login\": Method Not Allowed (Allow: POST) at C:\\AVIDNYAT\\silex\\vendor\\symfony\\http-kernel\\EventListener\\RouterListener.php:163, Symfony\\Component\\Routing\\Exception\\MethodNotAllowedException(code: 0):  at C:\\AVIDNYAT\\silex\\vendor\\symfony\\routing\\Matcher\\UrlMatcher.php:101)"} []
[2015-08-21 16:01:47] myapp.ERROR: 405==No route found for "OPTIONS /api/user/login": Method Not Allowed (Allow: POST) [] []
[2015-08-21 16:01:47] myapp.INFO: < 405 [] []
[2015-08-21 16:07:28] myapp.ERROR: Symfony\Component\HttpKernel\Exception\MethodNotAllowedHttpException: No route found for "OPTIONS /api/user/login": Method Not Allowed (Allow: POST) (uncaught exception) at C:\AVIDNYAT\silex\vendor\symfony\http-kernel\EventListener\RouterListener.php line 163 {"exception":"[object] (Symfony\\Component\\HttpKernel\\Exception\\MethodNotAllowedHttpException(code: 0): No route found for \"OPTIONS /api/user/login\": Method Not Allowed (Allow: POST) at C:\\AVIDNYAT\\silex\\vendor\\symfony\\http-kernel\\EventListener\\RouterListener.php:163, Symfony\\Component\\Routing\\Exception\\MethodNotAllowedException(code: 0):  at C:\\AVIDNYAT\\silex\\vendor\\symfony\\routing\\Matcher\\UrlMatcher.php:101)"} []
[2015-08-21 16:07:28] myapp.ERROR: 405==No route found for "OPTIONS /api/user/login": Method Not Allowed (Allow: POST) [] []
[2015-08-21 16:07:28] myapp.INFO: < 405 [] []
[2015-08-21 16:07:42] myapp.ERROR: Symfony\Component\HttpKernel\Exception\MethodNotAllowedHttpException: No route found for "OPTIONS /api/user/login": Method Not Allowed (Allow: POST) (uncaught exception) at C:\AVIDNYAT\silex\vendor\symfony\http-kernel\EventListener\RouterListener.php line 163 {"exception":"[object] (Symfony\\Component\\HttpKernel\\Exception\\MethodNotAllowedHttpException(code: 0): No route found for \"OPTIONS /api/user/login\": Method Not Allowed (Allow: POST) at C:\\AVIDNYAT\\silex\\vendor\\symfony\\http-kernel\\EventListener\\RouterListener.php:163, Symfony\\Component\\Routing\\Exception\\MethodNotAllowedException(code: 0):  at C:\\AVIDNYAT\\silex\\vendor\\symfony\\routing\\Matcher\\UrlMatcher.php:101)"} []
[2015-08-21 16:07:42] myapp.ERROR: 405==No route found for "OPTIONS /api/user/login": Method Not Allowed (Allow: POST) [] []
[2015-08-21 16:07:42] myapp.INFO: < 405 [] []
[2015-08-21 16:12:05] myapp.ERROR: Symfony\Component\HttpKernel\Exception\MethodNotAllowedHttpException: No route found for "OPTIONS /api/user/login": Method Not Allowed (Allow: POST) (uncaught exception) at C:\AVIDNYAT\silex\vendor\symfony\http-kernel\EventListener\RouterListener.php line 163 {"exception":"[object] (Symfony\\Component\\HttpKernel\\Exception\\MethodNotAllowedHttpException(code: 0): No route found for \"OPTIONS /api/user/login\": Method Not Allowed (Allow: POST) at C:\\AVIDNYAT\\silex\\vendor\\symfony\\http-kernel\\EventListener\\RouterListener.php:163, Symfony\\Component\\Routing\\Exception\\MethodNotAllowedException(code: 0):  at C:\\AVIDNYAT\\silex\\vendor\\symfony\\routing\\Matcher\\UrlMatcher.php:101)"} []
[2015-08-21 16:12:05] myapp.ERROR: 405==No route found for "OPTIONS /api/user/login": Method Not Allowed (Allow: POST) [] []
[2015-08-21 16:12:05] myapp.INFO: < 405 [] []
[2015-08-21 16:13:31] myapp.ERROR: Symfony\Component\HttpKernel\Exception\MethodNotAllowedHttpException: No route found for "OPTIONS /api/user/login": Method Not Allowed (Allow: POST) (uncaught exception) at C:\AVIDNYAT\silex\vendor\symfony\http-kernel\EventListener\RouterListener.php line 163 {"exception":"[object] (Symfony\\Component\\HttpKernel\\Exception\\MethodNotAllowedHttpException(code: 0): No route found for \"OPTIONS /api/user/login\": Method Not Allowed (Allow: POST) at C:\\AVIDNYAT\\silex\\vendor\\symfony\\http-kernel\\EventListener\\RouterListener.php:163, Symfony\\Component\\Routing\\Exception\\MethodNotAllowedException(code: 0):  at C:\\AVIDNYAT\\silex\\vendor\\symfony\\routing\\Matcher\\UrlMatcher.php:101)"} []
[2015-08-21 16:13:31] myapp.ERROR: 405==No route found for "OPTIONS /api/user/login": Method Not Allowed (Allow: POST) [] []
[2015-08-21 16:13:31] myapp.INFO: < 405 [] []
[2015-08-21 16:19:05] myapp.INFO: Matched route "GET_". {"route_parameters":{"_controller":"PhoneDirectory\\Controller\\IndexController::indexAction","_route":"GET_"},"request_uri":"http://localhost/"} []
[2015-08-21 16:19:05] myapp.INFO: 404==>Invalid credentails [] []
[2015-08-21 16:19:05] myapp.INFO: < 404 [] []
[2015-08-21 16:19:21] myapp.INFO: Matched route "GET_". {"route_parameters":{"_controller":"PhoneDirectory\\Controller\\IndexController::indexAction","_route":"GET_"},"request_uri":"http://localhost/"} []
[2015-08-21 16:19:21] myapp.INFO: 404==>Invalid credentails [] []
[2015-08-21 16:19:21] myapp.INFO: < 404 [] []
[2015-08-21 16:21:21] myapp.INFO: Matched route "GET_". {"route_parameters":{"_controller":"PhoneDirectory\\Controller\\IndexController::indexAction","_route":"GET_"},"request_uri":"http://localhost/"} []
[2015-08-21 16:21:21] myapp.INFO: 404==>Invalid credentails [] []
[2015-08-21 16:21:21] myapp.INFO: < 404 [] []
[2015-08-21 16:21:24] myapp.INFO: Matched route "GET_". {"route_parameters":{"_controller":"PhoneDirectory\\Controller\\IndexController::indexAction","_route":"GET_"},"request_uri":"http://localhost/"} []
[2015-08-21 16:21:24] myapp.INFO: 404==>Invalid credentails [] []
[2015-08-21 16:21:24] myapp.INFO: < 404 [] []
[2015-08-21 16:21:36] myapp.INFO: Matched route "GET_". {"route_parameters":{"_controller":"PhoneDirectory\\Controller\\IndexController::indexAction","_route":"GET_"},"request_uri":"http://localhost/"} []
[2015-08-21 16:21:36] myapp.INFO: 404==>Invalid credentails [] []
[2015-08-21 16:21:36] myapp.INFO: < 404 [] []
[2015-08-21 16:22:11] myapp.INFO: Matched route "GET_". {"route_parameters":{"_controller":"PhoneDirectory\\Controller\\IndexController::indexAction","_route":"GET_"},"request_uri":"http://localhost/"} []
[2015-08-21 16:22:11] myapp.INFO: 404==>Invalid credentails [] []
[2015-08-21 16:22:11] myapp.INFO: < 404 [] []
[2015-08-21 16:23:40] myapp.ERROR: Symfony\Component\HttpKernel\Exception\NotFoundHttpException: No route found for "GET /hello" (uncaught exception) at C:\AVIDNYAT\silex\vendor\symfony\http-kernel\EventListener\RouterListener.php line 159 {"exception":"[object] (Symfony\\Component\\HttpKernel\\Exception\\NotFoundHttpException(code: 0): No route found for \"GET /hello\" at C:\\AVIDNYAT\\silex\\vendor\\symfony\\http-kernel\\EventListener\\RouterListener.php:159, Symfony\\Component\\Routing\\Exception\\ResourceNotFoundException(code: 0): No routes found for \"/hello\". at C:\\AVIDNYAT\\silex\\vendor\\symfony\\routing\\Matcher\\UrlMatcher.php:102)"} []
[2015-08-21 16:23:40] myapp.ERROR: 404==No route found for "GET /hello" [] []
[2015-08-21 16:23:40] myapp.INFO: < 404 [] []
[2015-08-21 16:23:41] myapp.INFO: Matched route "GET_". {"route_parameters":{"_controller":"PhoneDirectory\\Controller\\IndexController::indexAction","_route":"GET_"},"request_uri":"http://localhost/index.php/"} []
[2015-08-21 16:23:41] myapp.INFO: 404==>Invalid credentails [] []
[2015-08-21 16:23:41] myapp.INFO: < 404 [] []
[2015-08-21 16:23:54] myapp.INFO: Matched route "GET_". {"route_parameters":{"_controller":"PhoneDirectory\\Controller\\IndexController::indexAction","_route":"GET_"},"request_uri":"http://localhost/index.php/"} []
[2015-08-21 16:23:54] myapp.INFO: 404==>Invalid credentails [] []
[2015-08-21 16:23:54] myapp.INFO: < 404 [] []
[2015-08-21 16:26:06] myapp.INFO: Matched route "GET_". {"route_parameters":{"_controller":"PhoneDirectory\\Controller\\IndexController::indexAction","_route":"GET_"},"request_uri":"http://localhost/index.php/"} []
[2015-08-21 16:26:06] myapp.INFO: 404==>Invalid credentails [] []
[2015-08-21 16:26:06] myapp.INFO: < 404 [] []
[2015-08-21 16:26:15] myapp.INFO: Matched route "GET_". {"route_parameters":{"_controller":"PhoneDirectory\\Controller\\IndexController::indexAction","_route":"GET_"},"request_uri":"http://localhost/"} []
[2015-08-21 16:26:15] myapp.INFO: > GET / [] []
[2015-08-21 16:26:16] myapp.INFO: < 200 [] []
[2015-08-21 16:26:17] myapp.ERROR: Symfony\Component\HttpKernel\Exception\NotFoundHttpException: No route found for "GET /dist/styles/vendor.79d2e23a.css" (from "http://localhost/") (uncaught exception) at C:\AVIDNYAT\silex\vendor\symfony\http-kernel\EventListener\RouterListener.php line 159 {"exception":"[object] (Symfony\\Component\\HttpKernel\\Exception\\NotFoundHttpException(code: 0): No route found for \"GET /dist/styles/vendor.79d2e23a.css\" (from \"http://localhost/\") at C:\\AVIDNYAT\\silex\\vendor\\symfony\\http-kernel\\EventListener\\RouterListener.php:159, Symfony\\Component\\Routing\\Exception\\ResourceNotFoundException(code: 0): No routes found for \"/dist/styles/vendor.79d2e23a.css\". at C:\\AVIDNYAT\\silex\\vendor\\symfony\\routing\\Matcher\\UrlMatcher.php:102)"} []
[2015-08-21 16:26:17] myapp.ERROR: 404==No route found for "GET /dist/styles/vendor.79d2e23a.css" (from "http://localhost/") [] []
[2015-08-21 16:26:17] myapp.INFO: < 404 [] []
[2015-08-21 16:30:17] myapp.INFO: Matched route "GET_". {"route_parameters":{"_controller":"PhoneDirectory\\Controller\\IndexController::indexAction","_route":"GET_"},"request_uri":"http://localhost/"} []
[2015-08-21 16:30:17] myapp.INFO: > GET / [] []
[2015-08-21 16:30:17] myapp.INFO: < 200 [] []
[2015-08-21 16:30:18] myapp.ERROR: Symfony\Component\HttpKernel\Exception\NotFoundHttpException: No route found for "GET /dist/styles/vendor.79d2e23a.css" (from "http://localhost/") (uncaught exception) at C:\AVIDNYAT\silex\vendor\symfony\http-kernel\EventListener\RouterListener.php line 159 {"exception":"[object] (Symfony\\Component\\HttpKernel\\Exception\\NotFoundHttpException(code: 0): No route found for \"GET /dist/styles/vendor.79d2e23a.css\" (from \"http://localhost/\") at C:\\AVIDNYAT\\silex\\vendor\\symfony\\http-kernel\\EventListener\\RouterListener.php:159, Symfony\\Component\\Routing\\Exception\\ResourceNotFoundException(code: 0): No routes found for \"/dist/styles/vendor.79d2e23a.css\". at C:\\AVIDNYAT\\silex\\vendor\\symfony\\routing\\Matcher\\UrlMatcher.php:102)"} []
[2015-08-21 16:30:18] myapp.ERROR: 404==No route found for "GET /dist/styles/vendor.79d2e23a.css" (from "http://localhost/") [] []
[2015-08-21 16:30:18] myapp.INFO: < 404 [] []
[2015-08-21 16:33:03] myapp.INFO: Matched route "GET_". {"route_parameters":{"_controller":"PhoneDirectory\\Controller\\IndexController::indexAction","_route":"GET_"},"request_uri":"http://localhost/"} []
[2015-08-21 16:33:03] myapp.INFO: > GET / [] []
[2015-08-21 16:33:03] myapp.INFO: < 200 [] []
[2015-08-21 16:33:04] myapp.ERROR: Symfony\Component\HttpKernel\Exception\NotFoundHttpException: No route found for "GET /styles/pace.css" (from "http://localhost/") (uncaught exception) at C:\AVIDNYAT\silex\vendor\symfony\http-kernel\EventListener\RouterListener.php line 159 {"exception":"[object] (Symfony\\Component\\HttpKernel\\Exception\\NotFoundHttpException(code: 0): No route found for \"GET /styles/pace.css\" (from \"http://localhost/\") at C:\\AVIDNYAT\\silex\\vendor\\symfony\\http-kernel\\EventListener\\RouterListener.php:159, Symfony\\Component\\Routing\\Exception\\ResourceNotFoundException(code: 0): No routes found for \"/styles/pace.css\". at C:\\AVIDNYAT\\silex\\vendor\\symfony\\routing\\Matcher\\UrlMatcher.php:102)"} []
[2015-08-21 16:33:04] myapp.ERROR: 404==No route found for "GET /styles/pace.css" (from "http://localhost/") [] []
[2015-08-21 16:33:04] myapp.INFO: < 404 [] []
[2015-08-21 16:33:04] myapp.ERROR: Symfony\Component\HttpKernel\Exception\NotFoundHttpException: No route found for "GET /styles/main.css" (from "http://localhost/") (uncaught exception) at C:\AVIDNYAT\silex\vendor\symfony\http-kernel\EventListener\RouterListener.php line 159 {"exception":"[object] (Symfony\\Component\\HttpKernel\\Exception\\NotFoundHttpException(code: 0): No route found for \"GET /styles/main.css\" (from \"http://localhost/\") at C:\\AVIDNYAT\\silex\\vendor\\symfony\\http-kernel\\EventListener\\RouterListener.php:159, Symfony\\Component\\Routing\\Exception\\ResourceNotFoundException(code: 0): No routes found for \"/styles/main.css\". at C:\\AVIDNYAT\\silex\\vendor\\symfony\\routing\\Matcher\\UrlMatcher.php:102)"} []
[2015-08-21 16:33:04] myapp.ERROR: 404==No route found for "GET /styles/main.css" (from "http://localhost/") [] []
[2015-08-21 16:33:04] myapp.INFO: < 404 [] []
[2015-08-21 16:33:04] myapp.ERROR: Symfony\Component\HttpKernel\Exception\NotFoundHttpException: No route found for "GET /scripts/pace.js" (from "http://localhost/") (uncaught exception) at C:\AVIDNYAT\silex\vendor\symfony\http-kernel\EventListener\RouterListener.php line 159 {"exception":"[object] (Symfony\\Component\\HttpKernel\\Exception\\NotFoundHttpException(code: 0): No route found for \"GET /scripts/pace.js\" (from \"http://localhost/\") at C:\\AVIDNYAT\\silex\\vendor\\symfony\\http-kernel\\EventListener\\RouterListener.php:159, Symfony\\Component\\Routing\\Exception\\ResourceNotFoundException(code: 0): No routes found for \"/scripts/pace.js\". at C:\\AVIDNYAT\\silex\\vendor\\symfony\\routing\\Matcher\\UrlMatcher.php:102)"} []
[2015-08-21 16:33:04] myapp.ERROR: 404==No route found for "GET /scripts/pace.js" (from "http://localhost/") [] []
[2015-08-21 16:33:04] myapp.INFO: < 404 [] []
[2015-08-21 16:33:04] myapp.ERROR: Symfony\Component\HttpKernel\Exception\NotFoundHttpException: No route found for "GET /scripts/lib/angular-jquery-validate.js" (from "http://localhost/") (uncaught exception) at C:\AVIDNYAT\silex\vendor\symfony\http-kernel\EventListener\RouterListener.php line 159 {"exception":"[object] (Symfony\\Component\\HttpKernel\\Exception\\NotFoundHttpException(code: 0): No route found for \"GET /scripts/lib/angular-jquery-validate.js\" (from \"http://localhost/\") at C:\\AVIDNYAT\\silex\\vendor\\symfony\\http-kernel\\EventListener\\RouterListener.php:159, Symfony\\Component\\Routing\\Exception\\ResourceNotFoundException(code: 0): No routes found for \"/scripts/lib/angular-jquery-validate.js\". at C:\\AVIDNYAT\\silex\\vendor\\symfony\\routing\\Matcher\\UrlMatcher.php:102)"} []
[2015-08-21 16:33:04] myapp.ERROR: 404==No route found for "GET /scripts/lib/angular-jquery-validate.js" (from "http://localhost/") [] []
[2015-08-21 16:33:04] myapp.ERROR: Symfony\Component\HttpKernel\Exception\NotFoundHttpException: No route found for "GET /scripts/services/configService.js" (from "http://localhost/") (uncaught exception) at C:\AVIDNYAT\silex\vendor\symfony\http-kernel\EventListener\RouterListener.php line 159 {"exception":"[object] (Symfony\\Component\\HttpKernel\\Exception\\NotFoundHttpException(code: 0): No route found for \"GET /scripts/services/configService.js\" (from \"http://localhost/\") at C:\\AVIDNYAT\\silex\\vendor\\symfony\\http-kernel\\EventListener\\RouterListener.php:159, Symfony\\Component\\Routing\\Exception\\ResourceNotFoundException(code: 0): No routes found for \"/scripts/services/configService.js\". at C:\\AVIDNYAT\\silex\\vendor\\symfony\\routing\\Matcher\\UrlMatcher.php:102)"} []
[2015-08-21 16:33:04] myapp.ERROR: 404==No route found for "GET /scripts/services/configService.js" (from "http://localhost/") [] []
[2015-08-21 16:33:04] myapp.INFO: < 404 [] []
[2015-08-21 16:33:05] myapp.INFO: < 404 [] []
[2015-08-21 16:33:04] myapp.ERROR: Symfony\Component\HttpKernel\Exception\NotFoundHttpException: No route found for "GET /scripts/services/crudService.js" (from "http://localhost/") (uncaught exception) at C:\AVIDNYAT\silex\vendor\symfony\http-kernel\EventListener\RouterListener.php line 159 {"exception":"[object] (Symfony\\Component\\HttpKernel\\Exception\\NotFoundHttpException(code: 0): No route found for \"GET /scripts/services/crudService.js\" (from \"http://localhost/\") at C:\\AVIDNYAT\\silex\\vendor\\symfony\\http-kernel\\EventListener\\RouterListener.php:159, Symfony\\Component\\Routing\\Exception\\ResourceNotFoundException(code: 0): No routes found for \"/scripts/services/crudService.js\". at C:\\AVIDNYAT\\silex\\vendor\\symfony\\routing\\Matcher\\UrlMatcher.php:102)"} []
[2015-08-21 16:33:05] myapp.ERROR: 404==No route found for "GET /scripts/services/crudService.js" (from "http://localhost/") [] []
[2015-08-21 16:33:05] myapp.INFO: < 404 [] []
[2015-08-21 16:33:05] myapp.ERROR: Symfony\Component\HttpKernel\Exception\NotFoundHttpException: No route found for "GET /scripts/services/apiService.js" (from "http://localhost/") (uncaught exception) at C:\AVIDNYAT\silex\vendor\symfony\http-kernel\EventListener\RouterListener.php line 159 {"exception":"[object] (Symfony\\Component\\HttpKernel\\Exception\\NotFoundHttpException(code: 0): No route found for \"GET /scripts/services/apiService.js\" (from \"http://localhost/\") at C:\\AVIDNYAT\\silex\\vendor\\symfony\\http-kernel\\EventListener\\RouterListener.php:159, Symfony\\Component\\Routing\\Exception\\ResourceNotFoundException(code: 0): No routes found for \"/scripts/services/apiService.js\". at C:\\AVIDNYAT\\silex\\vendor\\symfony\\routing\\Matcher\\UrlMatcher.php:102)"} []
[2015-08-21 16:33:05] myapp.ERROR: 404==No route found for "GET /scripts/services/apiService.js" (from "http://localhost/") [] []
[2015-08-21 16:33:05] myapp.INFO: < 404 [] []
[2015-08-21 16:33:05] myapp.ERROR: Symfony\Component\HttpKernel\Exception\NotFoundHttpException: No route found for "GET /scripts/app.js" (from "http://localhost/") (uncaught exception) at C:\AVIDNYAT\silex\vendor\symfony\http-kernel\EventListener\RouterListener.php line 159 {"exception":"[object] (Symfony\\Component\\HttpKernel\\Exception\\NotFoundHttpException(code: 0): No route found for \"GET /scripts/app.js\" (from \"http://localhost/\") at C:\\AVIDNYAT\\silex\\vendor\\symfony\\http-kernel\\EventListener\\RouterListener.php:159, Symfony\\Component\\Routing\\Exception\\ResourceNotFoundException(code: 0): No routes found for \"/scripts/app.js\". at C:\\AVIDNYAT\\silex\\vendor\\symfony\\routing\\Matcher\\UrlMatcher.php:102)"} []
[2015-08-21 16:33:05] myapp.ERROR: 404==No route found for "GET /scripts/app.js" (from "http://localhost/") [] []
[2015-08-21 16:33:05] myapp.INFO: < 404 [] []
[2015-08-21 16:33:05] myapp.ERROR: Symfony\Component\HttpKernel\Exception\NotFoundHttpException: No route found for "GET /scripts/controllers/loginCtrl.js" (from "http://localhost/") (uncaught exception) at C:\AVIDNYAT\silex\vendor\symfony\http-kernel\EventListener\RouterListener.php line 159 {"exception":"[object] (Symfony\\Component\\HttpKernel\\Exception\\NotFoundHttpException(code: 0): No route found for \"GET /scripts/controllers/loginCtrl.js\" (from \"http://localhost/\") at C:\\AVIDNYAT\\silex\\vendor\\symfony\\http-kernel\\EventListener\\RouterListener.php:159, Symfony\\Component\\Routing\\Exception\\ResourceNotFoundException(code: 0): No routes found for \"/scripts/controllers/loginCtrl.js\". at C:\\AVIDNYAT\\silex\\vendor\\symfony\\routing\\Matcher\\UrlMatcher.php:102)"} []
[2015-08-21 16:33:05] myapp.ERROR: 404==No route found for "GET /scripts/controllers/loginCtrl.js" (from "http://localhost/") [] []
[2015-08-21 16:33:05] myapp.INFO: < 404 [] []
[2015-08-21 16:33:05] myapp.ERROR: Symfony\Component\HttpKernel\Exception\NotFoundHttpException: No route found for "GET /scripts/controllers/homeCtrl.js" (from "http://localhost/") (uncaught exception) at C:\AVIDNYAT\silex\vendor\symfony\http-kernel\EventListener\RouterListener.php line 159 {"exception":"[object] (Symfony\\Component\\HttpKernel\\Exception\\NotFoundHttpException(code: 0): No route found for \"GET /scripts/controllers/homeCtrl.js\" (from \"http://localhost/\") at C:\\AVIDNYAT\\silex\\vendor\\symfony\\http-kernel\\EventListener\\RouterListener.php:159, Symfony\\Component\\Routing\\Exception\\ResourceNotFoundException(code: 0): No routes found for \"/scripts/controllers/homeCtrl.js\". at C:\\AVIDNYAT\\silex\\vendor\\symfony\\routing\\Matcher\\UrlMatcher.php:102)"} []
[2015-08-21 16:33:05] myapp.ERROR: 404==No route found for "GET /scripts/controllers/homeCtrl.js" (from "http://localhost/") [] []
[2015-08-21 16:33:05] myapp.INFO: < 404 [] []
[2015-08-21 16:37:21] myapp.INFO: Matched route "GET_". {"route_parameters":{"_controller":"PhoneDirectory\\Controller\\IndexController::indexAction","_route":"GET_"},"request_uri":"http://localhost/"} []
[2015-08-21 16:37:21] myapp.INFO: > GET / [] []
[2015-08-21 16:37:21] myapp.INFO: < 200 [] []
[2015-08-21 16:37:21] myapp.ERROR: Symfony\Component\HttpKernel\Exception\NotFoundHttpException: No route found for "GET /dist/styles/pace.css" (from "http://localhost/") (uncaught exception) at C:\AVIDNYAT\silex\vendor\symfony\http-kernel\EventListener\RouterListener.php line 159 {"exception":"[object] (Symfony\\Component\\HttpKernel\\Exception\\NotFoundHttpException(code: 0): No route found for \"GET /dist/styles/pace.css\" (from \"http://localhost/\") at C:\\AVIDNYAT\\silex\\vendor\\symfony\\http-kernel\\EventListener\\RouterListener.php:159, Symfony\\Component\\Routing\\Exception\\ResourceNotFoundException(code: 0): No routes found for \"/dist/styles/pace.css\". at C:\\AVIDNYAT\\silex\\vendor\\symfony\\routing\\Matcher\\UrlMatcher.php:102)"} []
[2015-08-21 16:37:21] myapp.ERROR: 404==No route found for "GET /dist/styles/pace.css" (from "http://localhost/") [] []
[2015-08-21 16:37:21] myapp.INFO: < 404 [] []
[2015-08-21 16:37:21] myapp.ERROR: Symfony\Component\HttpKernel\Exception\NotFoundHttpException: No route found for "GET /dist/scripts/pace.js" (from "http://localhost/") (uncaught exception) at C:\AVIDNYAT\silex\vendor\symfony\http-kernel\EventListener\RouterListener.php line 159 {"exception":"[object] (Symfony\\Component\\HttpKernel\\Exception\\NotFoundHttpException(code: 0): No route found for \"GET /dist/scripts/pace.js\" (from \"http://localhost/\") at C:\\AVIDNYAT\\silex\\vendor\\symfony\\http-kernel\\EventListener\\RouterListener.php:159, Symfony\\Component\\Routing\\Exception\\ResourceNotFoundException(code: 0): No routes found for \"/dist/scripts/pace.js\". at C:\\AVIDNYAT\\silex\\vendor\\symfony\\routing\\Matcher\\UrlMatcher.php:102)"} []
[2015-08-21 16:37:21] myapp.ERROR: 404==No route found for "GET /dist/scripts/pace.js" (from "http://localhost/") [] []
[2015-08-21 16:37:21] myapp.INFO: < 404 [] []
[2015-08-21 16:40:57] myapp.INFO: Matched route "GET_". {"route_parameters":{"_controller":"PhoneDirectory\\Controller\\IndexController::indexAction","_route":"GET_"},"request_uri":"http://localhost/"} []
[2015-08-21 16:40:57] myapp.INFO: > GET / [] []
[2015-08-21 16:40:57] myapp.INFO: < 200 [] []
[2015-08-21 16:40:57] myapp.ERROR: Symfony\Component\HttpKernel\Exception\NotFoundHttpException: No route found for "GET /dist/styles/pace.css" (from "http://localhost/") (uncaught exception) at C:\AVIDNYAT\silex\vendor\symfony\http-kernel\EventListener\RouterListener.php line 159 {"exception":"[object] (Symfony\\Component\\HttpKernel\\Exception\\NotFoundHttpException(code: 0): No route found for \"GET /dist/styles/pace.css\" (from \"http://localhost/\") at C:\\AVIDNYAT\\silex\\vendor\\symfony\\http-kernel\\EventListener\\RouterListener.php:159, Symfony\\Component\\Routing\\Exception\\ResourceNotFoundException(code: 0): No routes found for \"/dist/styles/pace.css\". at C:\\AVIDNYAT\\silex\\vendor\\symfony\\routing\\Matcher\\UrlMatcher.php:102)"} []
[2015-08-21 16:40:57] myapp.ERROR: 404==No route found for "GET /dist/styles/pace.css" (from "http://localhost/") [] []
[2015-08-21 16:40:57] myapp.INFO: < 404 [] []
[2015-08-21 16:40:57] myapp.ERROR: Symfony\Component\HttpKernel\Exception\NotFoundHttpException: No route found for "GET /dist/scripts/pace.js" (from "http://localhost/") (uncaught exception) at C:\AVIDNYAT\silex\vendor\symfony\http-kernel\EventListener\RouterListener.php line 159 {"exception":"[object] (Symfony\\Component\\HttpKernel\\Exception\\NotFoundHttpException(code: 0): No route found for \"GET /dist/scripts/pace.js\" (from \"http://localhost/\") at C:\\AVIDNYAT\\silex\\vendor\\symfony\\http-kernel\\EventListener\\RouterListener.php:159, Symfony\\Component\\Routing\\Exception\\ResourceNotFoundException(code: 0): No routes found for \"/dist/scripts/pace.js\". at C:\\AVIDNYAT\\silex\\vendor\\symfony\\routing\\Matcher\\UrlMatcher.php:102)"} []
[2015-08-21 16:40:57] myapp.ERROR: 404==No route found for "GET /dist/scripts/pace.js" (from "http://localhost/") [] []
[2015-08-21 16:40:57] myapp.INFO: < 404 [] []
[2015-08-21 16:42:03] myapp.INFO: Matched route "GET_". {"route_parameters":{"_controller":"PhoneDirectory\\Controller\\IndexController::indexAction","_route":"GET_"},"request_uri":"http://localhost/"} []
[2015-08-21 16:42:03] myapp.INFO: > GET / [] []
[2015-08-21 16:42:04] myapp.INFO: < 200 [] []
[2015-08-21 16:42:15] myapp.INFO: Matched route "POST_api_user_login". {"route_parameters":{"_controller":"PhoneDirectory\\Controller\\ApiUserController::loginAction","_route":"POST_api_user_login"},"request_uri":"http://localhost/api/user/login?p=api%2Fuser%2Flogin"} []
[2015-08-21 16:42:15] myapp.INFO: > POST /api/user/login [] []
[2015-08-21 16:42:15] myapp.INFO: 404==>Missing required parameter(s): username,password [] []
[2015-08-21 16:42:15] myapp.INFO: < 404 [] []
[2015-08-21 16:44:42] myapp.INFO: Matched route "GET_". {"route_parameters":{"_controller":"PhoneDirectory\\Controller\\IndexController::indexAction","_route":"GET_"},"request_uri":"http://localhost/"} []
[2015-08-21 16:44:42] myapp.INFO: > GET / [] []
[2015-08-21 16:44:42] myapp.INFO: < 200 [] []
[2015-08-21 16:44:51] myapp.INFO: Matched route "POST_api_user_login". {"route_parameters":{"_controller":"PhoneDirectory\\Controller\\ApiUserController::loginAction","_route":"POST_api_user_login"},"request_uri":"http://localhost/api/user/login?p=api%2Fuser%2Flogin"} []
[2015-08-21 16:44:51] myapp.INFO: > POST /api/user/login [] []
[2015-08-21 16:44:51] myapp.INFO: 200==>Successfull operation [] []
[2015-08-21 16:44:51] myapp.INFO: < 200 [] []
[2015-08-21 16:45:19] myapp.INFO: Matched route "GET_". {"route_parameters":{"_controller":"PhoneDirectory\\Controller\\IndexController::indexAction","_route":"GET_"},"request_uri":"http://localhost/"} []
[2015-08-21 16:45:19] myapp.INFO: > GET / [] []
[2015-08-21 16:45:19] myapp.INFO: < 200 [] []
[2015-08-21 17:18:40] myapp.ERROR: Symfony\Component\HttpKernel\Exception\MethodNotAllowedHttpException: No route found for "OPTIONS /api/user/login": Method Not Allowed (Allow: POST) (uncaught exception) at C:\AVIDNYAT\silex\vendor\symfony\http-kernel\EventListener\RouterListener.php line 163 {"exception":"[object] (Symfony\\Component\\HttpKernel\\Exception\\MethodNotAllowedHttpException(code: 0): No route found for \"OPTIONS /api/user/login\": Method Not Allowed (Allow: POST) at C:\\AVIDNYAT\\silex\\vendor\\symfony\\http-kernel\\EventListener\\RouterListener.php:163, Symfony\\Component\\Routing\\Exception\\MethodNotAllowedException(code: 0):  at C:\\AVIDNYAT\\silex\\vendor\\symfony\\routing\\Matcher\\UrlMatcher.php:101)"} []
[2015-08-21 17:18:40] myapp.ERROR: 405==No route found for "OPTIONS /api/user/login": Method Not Allowed (Allow: POST) [] []
[2015-08-21 17:18:40] myapp.INFO: < 405 [] []
[2015-08-21 17:19:05] myapp.ERROR: Symfony\Component\HttpKernel\Exception\MethodNotAllowedHttpException: No route found for "OPTIONS /api/user/login": Method Not Allowed (Allow: POST) (uncaught exception) at C:\AVIDNYAT\silex\vendor\symfony\http-kernel\EventListener\RouterListener.php line 163 {"exception":"[object] (Symfony\\Component\\HttpKernel\\Exception\\MethodNotAllowedHttpException(code: 0): No route found for \"OPTIONS /api/user/login\": Method Not Allowed (Allow: POST) at C:\\AVIDNYAT\\silex\\vendor\\symfony\\http-kernel\\EventListener\\RouterListener.php:163, Symfony\\Component\\Routing\\Exception\\MethodNotAllowedException(code: 0):  at C:\\AVIDNYAT\\silex\\vendor\\symfony\\routing\\Matcher\\UrlMatcher.php:101)"} []
[2015-08-21 17:19:05] myapp.ERROR: 405==No route found for "OPTIONS /api/user/login": Method Not Allowed (Allow: POST) [] []
[2015-08-21 17:19:05] myapp.INFO: < 405 [] []
[2015-08-21 17:19:16] myapp.ERROR: Symfony\Component\HttpKernel\Exception\MethodNotAllowedHttpException: No route found for "OPTIONS /api/user/login": Method Not Allowed (Allow: POST) (uncaught exception) at C:\AVIDNYAT\silex\vendor\symfony\http-kernel\EventListener\RouterListener.php line 163 {"exception":"[object] (Symfony\\Component\\HttpKernel\\Exception\\MethodNotAllowedHttpException(code: 0): No route found for \"OPTIONS /api/user/login\": Method Not Allowed (Allow: POST) at C:\\AVIDNYAT\\silex\\vendor\\symfony\\http-kernel\\EventListener\\RouterListener.php:163, Symfony\\Component\\Routing\\Exception\\MethodNotAllowedException(code: 0):  at C:\\AVIDNYAT\\silex\\vendor\\symfony\\routing\\Matcher\\UrlMatcher.php:101)"} []
[2015-08-21 17:19:16] myapp.ERROR: 405==No route found for "OPTIONS /api/user/login": Method Not Allowed (Allow: POST) [] []
[2015-08-21 17:19:16] myapp.INFO: < 405 [] []
[2015-08-21 17:21:24] myapp.INFO: Matched route "POST_api_user_login". {"route_parameters":{"_controller":"PhoneDirectory\\Controller\\ApiUserController::loginAction","_route":"POST_api_user_login"},"request_uri":"http://localhost/api/user/login?p=api%2Fuser%2Flogin"} []
[2015-08-21 17:21:24] myapp.INFO: > POST /api/user/login [] []
[2015-08-21 17:21:24] myapp.INFO: 200==>Successfull operation [] []
[2015-08-21 17:21:24] myapp.INFO: < 200 [] []
[2015-08-21 17:21:46] myapp.INFO: Matched route "GET_api_phone_list". {"route_parameters":{"_controller":"PhoneDirectory\\Controller\\ApiPhoneController::listAction","_route":"GET_api_phone_list"},"request_uri":"http://localhost/api/phone/list?csrf=55d741f4a233c&p=api%2Fphone%2Flist"} []
[2015-08-21 17:21:46] myapp.INFO: > GET /api/phone/list?csrf=55d741f4a233c [] []
[2015-08-21 17:21:46] myapp.INFO: 200==>Successfull operation [] []
[2015-08-21 17:21:46] myapp.INFO: < 200 [] []
